<?xml version="1.0" encoding="UTF-8"?>
<!-- Generated by org.testng.reporters.JUnitReportReporter -->
<testsuite hostname="LAPTOP-HLSPD572" failures="0" tests="1" name="com.test.verifyGetmethod" time="5.503" errors="0" timestamp="2023-05-29T14:15:25 IST" skipped="0">
  <testcase classname="com.test.verifyGetmethod" name="verify_get_method" time="5.503"/>
  <system-out/>
</testsuite> <!-- com.test.verifyGetmethod -->
