<?xml version="1.0" encoding="UTF-8"?>
<!-- Generated by org.testng.reporters.JUnitReportReporter -->
<testsuite hostname="LAPTOP-HLSPD572" failures="0" tests="1" name="com.test.veifygorestgetparam" time="1.095" errors="0" timestamp="2023-05-29T17:29:12 IST" skipped="0">
  <testcase classname="com.test.veifygorestgetparam" name="verify_get_byparam" time="1.095"/>
  <system-out/>
</testsuite> <!-- com.test.veifygorestgetparam -->
