<?xml version="1.0" encoding="UTF-8"?>
<!-- Generated by org.testng.reporters.JUnitReportReporter -->
<testsuite hostname="LAPTOP-HLSPD572" failures="0" tests="1" name="com.test.verifydeletemethod" time="2.929" errors="0" timestamp="2023-05-30T15:54:50 IST" skipped="0">
  <testcase classname="com.test.verifydeletemethod" name="verify_delete_method" time="2.929"/>
  <system-out/>
</testsuite> <!-- com.test.verifydeletemethod -->
