<?xml version="1.0" encoding="UTF-8"?>
<!-- Generated by org.testng.reporters.JUnitReportReporter -->
<testsuite hostname="LAPTOP-HLSPD572" failures="0" tests="1" name="com.test.verifyputmethod" time="1.392" errors="0" timestamp="2023-05-29T14:15:25 IST" skipped="0">
  <testcase classname="com.test.verifyputmethod" name="verify_put_method" time="1.392"/>
  <system-out/>
</testsuite> <!-- com.test.verifyputmethod -->
