<?xml version="1.0" encoding="UTF-8"?>
<!-- Generated by org.testng.reporters.JUnitReportReporter -->
<testsuite hostname="LAPTOP-HLSPD572" failures="0" tests="1" name="com.test.verifygorestget" time="1.120" errors="0" timestamp="2023-05-29T17:29:12 IST" skipped="0">
  <testcase classname="com.test.verifygorestget" name="get" time="1.120"/>
  <system-out/>
</testsuite> <!-- com.test.verifygorestget -->
