<?xml version="1.0" encoding="UTF-8"?>
<!-- Generated by org.testng.reporters.JUnitReportReporter -->
<testsuite hostname="LAPTOP-HLSPD572" failures="0" tests="1" name="com.test.Verifypatchmethod" time="3.612" errors="0" timestamp="2023-05-30T13:15:56 IST" skipped="0">
  <testcase classname="com.test.Verifypatchmethod" name="verify_patch_method" time="3.612"/>
  <system-out/>
</testsuite> <!-- com.test.Verifypatchmethod -->
