<?xml version="1.0" encoding="UTF-8"?>
<!-- Generated by org.testng.reporters.JUnitReportReporter -->
<testsuite hostname="LAPTOP-HLSPD572" failures="0" tests="1" name="com.test.verifygorestpost" time="1.232" errors="0" timestamp="2023-05-29T17:29:12 IST" skipped="0">
  <testcase classname="com.test.verifygorestpost" name="gorest_post" time="1.232"/>
  <system-out/>
</testsuite> <!-- com.test.verifygorestpost -->
