<?xml version="1.0" encoding="UTF-8"?>
<!-- Generated by org.testng.reporters.JUnitReportReporter -->
<testsuite hostname="LAPTOP-HLSPD572" failures="0" tests="1" name="com.test.verifygorestputtestng" time="2.521" errors="0" timestamp="2023-05-29T17:29:12 IST" skipped="0">
  <testcase classname="com.test.verifygorestputtestng" name="verify_put_gorest" time="2.521"/>
  <system-out/>
</testsuite> <!-- com.test.verifygorestputtestng -->
