<?xml version="1.0" encoding="UTF-8"?>
<!-- Generated by org.testng.reporters.JUnitReportReporter -->
<testsuite hostname="LAPTOP-HLSPD572" failures="0" tests="1" name="com.test.verifypostmethod" time="4.210" errors="0" timestamp="2023-05-30T13:12:59 IST" skipped="0">
  <testcase classname="com.test.verifypostmethod" name="verify_post_method" time="4.210"/>
  <system-out/>
</testsuite> <!-- com.test.verifypostmethod -->
